<mediawiki xmlns="http://www.mediawiki.org/xml/export-0.10/" xmlns:xsi="http://www.w3.org/2001/XMLSchema-instance" xsi:schemaLocation="http://www.mediawiki.org/xml/export-0.10/ http://www.mediawiki.org/xml/export-0.10.xsd" version="0.10" xml:lang="ru">
    <siteinfo>
        <sitename>Википедия</sitename>
        <dbname>ruwiki</dbname>
        <base>https://ru.wikipedia.org/wiki/%D0%97%D0%B0%D0%B3%D0%BB%D0%B0%D0%B2%D0%BD%D0%B0%D1%8F_%D1%81%D1%82%D1%80%D0%B0%D0%BD%D0%B8%D1%86%D0%B0</base>
        <generator>MediaWiki 1.36.0-wmf.14</generator>
        <case>first-letter</case>
        <namespaces>
            <namespace key="-2" case="first-letter">Медиа</namespace>
            <namespace key="-1" case="first-letter">Служебная</namespace>
            <namespace key="0" case="first-letter" />
            <namespace key="1" case="first-letter">Обсуждение</namespace>
            <namespace key="2" case="first-letter">Участник</namespace>
            <namespace key="3" case="first-letter">Обсуждение участника</namespace>
            <namespace key="4" case="first-letter">Википедия</namespace>
            <namespace key="5" case="first-letter">Обсуждение Википедии</namespace>
            <namespace key="6" case="first-letter">Файл</namespace>
            <namespace key="7" case="first-letter">Обсуждение файла</namespace>
            <namespace key="8" case="first-letter">MediaWiki</namespace>
            <namespace key="9" case="first-letter">Обсуждение MediaWiki</namespace>
            <namespace key="10" case="first-letter">Шаблон</namespace>
            <namespace key="11" case="first-letter">Обсуждение шаблона</namespace>
            <namespace key="12" case="first-letter">Справка</namespace>
            <namespace key="13" case="first-letter">Обсуждение справки</namespace>
            <namespace key="14" case="first-letter">Категория</namespace>
            <namespace key="15" case="first-letter">Обсуждение категории</namespace>
            <namespace key="100" case="first-letter">Портал</namespace>
            <namespace key="101" case="first-letter">Обсуждение портала</namespace>
            <namespace key="102" case="first-letter">Инкубатор</namespace>
            <namespace key="103" case="first-letter">Обсуждение Инкубатора</namespace>
            <namespace key="104" case="first-letter">Проект</namespace>
            <namespace key="105" case="first-letter">Обсуждение проекта</namespace>
            <namespace key="106" case="first-letter">Арбитраж</namespace>
            <namespace key="107" case="first-letter">Обсуждение арбитража</namespace>
            <namespace key="446" case="first-letter">Education Program</namespace>
            <namespace key="447" case="first-letter">Education Program talk</namespace>
            <namespace key="828" case="first-letter">Модуль</namespace>
            <namespace key="829" case="first-letter">Обсуждение модуля</namespace>
            <namespace key="2300" case="first-letter">Гаджет</namespace>
            <namespace key="2301" case="first-letter">Обсуждение гаджета</namespace>
            <namespace key="2302" case="case-sensitive">Определение гаджета</namespace>
            <namespace key="2303" case="case-sensitive">Обсуждение определения гаджета</namespace>
            <namespace key="2600" case="first-letter">Тема</namespace>
        </namespaces>
    </siteinfo>
    <page>
        <title>Ну кек опять норма. Да что такое в конце концов???</title>
        <ns>0</ns>
        <id>4</id>
        <redirect title="Заглавная страница" />
        <restrictions>sysop</restrictions>
        <revision>
            <id>237414</id>
            <parentid>22491</parentid>
            <timestamp>2004-08-09T04:36:57Z</timestamp>
            <contributor>
                <username>Maximaximax</username>
                <id>450</id>
            </contributor>
            <comment>redir</comment>
            <model>wikitext</model>
            <format>text/x-wiki</format>
            <text bytes="2" xml:space="preserve">Здравствуйте дорогой Алексей Николаевич! Пишу вам сразу по приезду, прямо вот только что вошёл и сел писать. Тут всё у нас хорошо, осень начинается, листья ещё не опали, но вроде бы опадают, в комнате пыли много, а полки я еле оттер — вон как пристыла сверху пыль то! Так что вошёл когда, сразу трубы проверил и понял что целы слава Богу. Ну и действительно — карантин то не очень суров был больше двадцати двух и не было кажется, а для нас это прямо благодать — и яблонки молодые и розы ваши и опять же чтоб трубы не разорвало. Но ничего, всё обошлось, всё тут хорошо. А я тут встретил совершенно случайно Сергея. Иду со станции, а он с внучкой идёт. Узнал меня, поздоровался, подошёл. Как здоровье спросил, и про вас спрашивал. Я говорит, только что из командировки, а я говорю, так что ж ты значит ещё работаешь, а он говорит — опять устроился, дома не могу. Вот как. Ушёл, говорит, с работы полгода назад, а после прямо невмоготу, а как же! Человек ведь привыкает. И опять туда же его взяли прямо с распростёртыми объятьями, потому что работник он хороший, исполнительный, он мне рассказывал. Он говорит, я как буду в университет ходить только с пачкой бумаги для лекций и ручкой — так и вообще без рюкзака можно жить! А вроде и не очень видный человек, но вот что значит — с характером. Алексей Николаевич! Я всё хотел спросить, а что мы с мебелью на кухне делать будем? Ведь подпорки ещё прошлый год гнилые были, а нынче я потрогал, так они все попрели — одна труха, так что и сковородку не выдержат. Я думаю надо б попросить Макса привезти трубок таких и из них я б подпорок напилил, а после мы б их проволокою скрутили и стояло бы хорошо, хоть сто лет. А эти не выдержат ни за что, ещё бы, ведь сковородка она и тяжелая быть может и опять же когда еду готовишь — раз, она и повалилась. Так что я думаю, что трубки это оптимальный варьянт. А огород уже протаял, я вдоль грядок ходил, они всё в норме и клубника и всё остальное. Я думаю мы картошку в этом году в заду посадим, это возле туалета, где подсолнух и горох росли. Там и почва хорошая, а у забора пусть редиска, да салат, да разная морковка. А картофелю там самый раз будет, он солнце любит, а там опять же мы ведь бузину повырубили, так что солнца хоть отбавляй. Я вот ещё что хотел сказать — в перегородке между нашими с вами комнатами завелись тараканы. Я уже какую ночь слышу как они там возятся и бегают, только шорох стоит. Перегородка ведь внутри то полая, так что там им благодать, завелись заразы. Я поначалу думал что мне спросонья кажется, а нет — и днём шуршат. Я постучал — стихли. А потом опять. И запашок там есть, видно за зиму они там устроились. Надо бы потравить их чем-нибудь. А ловушку я сразу в кухню поставил, но ничего пока не попалось. Но тараканы — это не хорошо, это надо искоренять сразу. Но ничего, это мы наладим. Алексей Николаевич! Ещё я как только пришёл, сразу полез поглядеть интернет как там розетки и провода целы, но там всё было в норме — дефекты есть, но немного, не то что в других комнатах, когда не работает ничего даже! А у меня всё нормально — немного провода торчат, но сигнал без потерь. Так что об интернете вы не волнуйтесь. Осталось только роутер купить и настроить всё. А после я на тераске семена смотрел и опять всё нормально — картошка сухая, тюльпаны и гладиолусы ваши тоже. Алексей Николаевич! Как ваше здоровье? Как Людмила Степановна? Как там Саша поживает? Вы мне пишите чаще, и передавайте всем приветы. Так что жду от вас писем и Ц.У.</text>
            <sha1>ahahahahahhahahahahahahahahhahahahahahahahah</sha1>
        </revision>
    </page>
</mediawiki>